<?xml version="1.0" encoding="UTF-8"?>
<testsuite name="MiddleManTest" tests="2" skipped="0" failures="0" errors="0" timestamp="2024-03-21T19:50:46" hostname="RIKOBAZUKI" time="3.729">
  <properties/>
  <testcase name="testMethodCallExists()" classname="MiddleManTest" time="3.538"/>
  <testcase name="testMiddleManClassRemoved()" classname="MiddleManTest" time="0.19"/>
  <system-out><![CDATA[]]></system-out>
  <system-err><![CDATA[]]></system-err>
</testsuite>
