<?xml version="1.0" encoding="UTF-8"?>
<testsuite name="ExtractingTest" tests="1" skipped="0" failures="0" errors="0" timestamp="2024-03-21T17:43:11" hostname="RIKOBAZUKI" time="3.59">
  <properties/>
  <testcase name="testExtractedFunction()" classname="ExtractingTest" time="3.59"/>
  <system-out><![CDATA[]]></system-out>
  <system-err><![CDATA[]]></system-err>
</testsuite>
