<?xml version="1.0" encoding="UTF-8"?>
<testsuite name="InliningTest" tests="2" skipped="0" failures="0" errors="0" timestamp="2024-03-21T18:44:40" hostname="RIKOBAZUKI" time="3.2">
  <properties/>
  <testcase name="testExpressionCallIsReplacedByItsBody()" classname="InliningTest" time="2.982"/>
  <testcase name="testDeletedVariablesAndMethods()" classname="InliningTest" time="0.217"/>
  <system-out><![CDATA[]]></system-out>
  <system-err><![CDATA[]]></system-err>
</testsuite>
