<?xml version="1.0" encoding="UTF-8"?>
<testsuite name="MovingTest" tests="4" skipped="0" failures="0" errors="0" timestamp="2024-03-21T17:25:26" hostname="RIKOBAZUKI" time="2.9">
  <properties/>
  <testcase name="testStartMethodMovedToCarClass()" classname="MovingTest" time="2.661"/>
  <testcase name="carClassTest()" classname="MovingTest" time="0.041"/>
  <testcase name="driverClassTest()" classname="MovingTest" time="0.003"/>
  <testcase name="testStopMethodMovedToCarClass()" classname="MovingTest" time="0.192"/>
  <system-out><![CDATA[]]></system-out>
  <system-err><![CDATA[]]></system-err>
</testsuite>
