<?xml version="1.0" encoding="UTF-8"?>
<testsuite name="ReformatCodeBasedOnEditorConfigSettingsTest" tests="1" skipped="0" failures="0" errors="0" timestamp="2024-03-21T16:48:22" hostname="RIKOBAZUKI" time="3.56">
  <properties/>
  <testcase name="testSolutionIsFormattedAccordingToEditorConfigSettings()" classname="ReformatCodeBasedOnEditorConfigSettingsTest" time="3.56"/>
  <system-out><![CDATA[]]></system-out>
  <system-err><![CDATA[]]></system-err>
</testsuite>
