<?xml version="1.0" encoding="UTF-8"?>
<testsuite name="ReformatCodeTest" tests="2" skipped="0" failures="0" errors="0" timestamp="2024-03-21T16:37:12" hostname="RIKOBAZUKI" time="3.75">
  <properties/>
  <testcase name="testSolutionIsFormatted()" classname="ReformatCodeTest" time="3.598"/>
  <testcase name="testUnusedImportsAreRemoved()" classname="ReformatCodeTest" time="0.152"/>
  <system-out><![CDATA[]]></system-out>
  <system-err><![CDATA[]]></system-err>
</testsuite>
