<?xml version="1.0" encoding="UTF-8"?>
<testsuite name="ExtractMagicNumbersTest" tests="1" skipped="0" failures="0" errors="0" timestamp="2024-03-21T17:56:51" hostname="RIKOBAZUKI" time="2.656">
  <properties/>
  <testcase name="testExtractedConstant()" classname="ExtractMagicNumbersTest" time="2.656"/>
  <system-out><![CDATA[]]></system-out>
  <system-err><![CDATA[]]></system-err>
</testsuite>
