<?xml version="1.0" encoding="UTF-8"?>
<testsuite name="FacadePatternTest" tests="1" skipped="0" failures="0" errors="0" timestamp="2024-03-21T20:20:20" hostname="RIKOBAZUKI" time="3.568">
  <properties/>
  <testcase name="videoConversionFacadeClassTest()" classname="FacadePatternTest" time="3.568"/>
  <system-out><![CDATA[]]></system-out>
  <system-err><![CDATA[]]></system-err>
</testsuite>
